<?xml version="1.0" encoding="UTF-8"?>
<coverage generated="1728934222083" clover="3.2.0">
  <project timestamp="1728934222083" name="All files">
    <metrics statements="15" coveredstatements="15" conditionals="12" coveredconditionals="10" methods="5" coveredmethods="5" elements="32" coveredelements="30" complexity="0" loc="15" ncloc="15" packages="1" files="1" classes="1"/>
    <file name="Aluno.js" path="C:\Users\Desktop\OneDrive\Airton\GitHub\DevOps-Teste_04\Aluno.js">
      <metrics statements="15" coveredstatements="15" conditionals="12" coveredconditionals="10" methods="5" coveredmethods="5"/>
      <line num="3" count="5" type="stmt"/>
      <line num="4" count="5" type="stmt"/>
      <line num="8" count="10" type="stmt"/>
      <line num="9" count="5" type="stmt"/>
      <line num="10" count="5" type="cond" truecount="2" falsecount="0"/>
      <line num="11" count="4" type="stmt"/>
      <line num="15" count="3" type="stmt"/>
      <line num="16" count="3" type="cond" truecount="2" falsecount="0"/>
      <line num="17" count="1" type="cond" truecount="1" falsecount="1"/>
      <line num="18" count="1" type="cond" truecount="1" falsecount="1"/>
      <line num="19" count="1" type="stmt"/>
      <line num="23" count="2" type="stmt"/>
      <line num="24" count="2" type="cond" truecount="4" falsecount="0"/>
      <line num="25" count="1" type="stmt"/>
      <line num="29" count="1" type="stmt"/>
    </file>
  </project>
</coverage>
