{"C:\\Users\\Desktop\\OneDrive\\Airton\\GitHub\\DevOps-Teste_04\\Aluno.js": {"path":"C:\\Users\\Desktop\\OneDrive\\Airton\\GitHub\\DevOps-Teste_04\\Aluno.js","statementMap":{"0":{"start":{"line":3,"column":7},"end":{"line":3,"column":24}},"1":{"start":{"line":4,"column":7},"end":{"line":4,"column":26}},"2":{"start":{"line":8,"column":20},"end":{"line":8,"column":67}},"3":{"start":{"line":8,"column":53},"end":{"line":8,"column":63}},"4":{"start":{"line":9,"column":18},"end":{"line":9,"column":42}},"5":{"start":{"line":10,"column":7},"end":{"line":10,"column":76}},"6":{"start":{"line":10,"column":24},"end":{"line":10,"column":76}},"7":{"start":{"line":11,"column":7},"end":{"line":11,"column":19}},"8":{"start":{"line":15,"column":21},"end":{"line":15,"column":41}},"9":{"start":{"line":16,"column":7},"end":{"line":16,"column":35}},"10":{"start":{"line":16,"column":23},"end":{"line":16,"column":35}},"11":{"start":{"line":17,"column":7},"end":{"line":17,"column":35}},"12":{"start":{"line":17,"column":23},"end":{"line":17,"column":35}},"13":{"start":{"line":18,"column":7},"end":{"line":18,"column":35}},"14":{"start":{"line":18,"column":23},"end":{"line":18,"column":35}},"15":{"start":{"line":19,"column":7},"end":{"line":19,"column":19}},"16":{"start":{"line":23,"column":22},"end":{"line":23,"column":40}},"17":{"start":{"line":24,"column":7},"end":{"line":24,"column":65}},"18":{"start":{"line":24,"column":47},"end":{"line":24,"column":65}},"19":{"start":{"line":25,"column":7},"end":{"line":25,"column":26}},"20":{"start":{"line":29,"column":3},"end":{"line":29,"column":26}}},"fnMap":{"0":{"name":"(anonymous_0)","decl":{"start":{"line":2,"column":5},"end":{"line":2,"column":6}},"loc":{"start":{"line":2,"column":30},"end":{"line":5,"column":6}},"line":2},"1":{"name":"(anonymous_1)","decl":{"start":{"line":7,"column":5},"end":{"line":7,"column":6}},"loc":{"start":{"line":7,"column":21},"end":{"line":12,"column":6}},"line":7},"2":{"name":"(anonymous_2)","decl":{"start":{"line":8,"column":38},"end":{"line":8,"column":39}},"loc":{"start":{"line":8,"column":53},"end":{"line":8,"column":63}},"line":8},"3":{"name":"(anonymous_3)","decl":{"start":{"line":14,"column":5},"end":{"line":14,"column":6}},"loc":{"start":{"line":14,"column":19},"end":{"line":20,"column":6}},"line":14},"4":{"name":"(anonymous_4)","decl":{"start":{"line":22,"column":5},"end":{"line":22,"column":6}},"loc":{"start":{"line":22,"column":23},"end":{"line":26,"column":6}},"line":22}},"branchMap":{"0":{"loc":{"start":{"line":10,"column":7},"end":{"line":10,"column":76}},"type":"if","locations":[{"start":{"line":10,"column":7},"end":{"line":10,"column":76}},{"start":{},"end":{}}],"line":10},"1":{"loc":{"start":{"line":16,"column":7},"end":{"line":16,"column":35}},"type":"if","locations":[{"start":{"line":16,"column":7},"end":{"line":16,"column":35}},{"start":{},"end":{}}],"line":16},"2":{"loc":{"start":{"line":17,"column":7},"end":{"line":17,"column":35}},"type":"if","locations":[{"start":{"line":17,"column":7},"end":{"line":17,"column":35}},{"start":{},"end":{}}],"line":17},"3":{"loc":{"start":{"line":18,"column":7},"end":{"line":18,"column":35}},"type":"if","locations":[{"start":{"line":18,"column":7},"end":{"line":18,"column":35}},{"start":{},"end":{}}],"line":18},"4":{"loc":{"start":{"line":24,"column":7},"end":{"line":24,"column":65}},"type":"if","locations":[{"start":{"line":24,"column":7},"end":{"line":24,"column":65}},{"start":{},"end":{}}],"line":24},"5":{"loc":{"start":{"line":24,"column":11},"end":{"line":24,"column":45}},"type":"binary-expr","locations":[{"start":{"line":24,"column":11},"end":{"line":24,"column":26}},{"start":{"line":24,"column":30},"end":{"line":24,"column":45}}],"line":24}},"s":{"0":5,"1":5,"2":5,"3":10,"4":5,"5":5,"6":1,"7":4,"8":3,"9":3,"10":2,"11":1,"12":0,"13":1,"14":0,"15":1,"16":2,"17":2,"18":1,"19":1,"20":1},"f":{"0":5,"1":5,"2":10,"3":3,"4":2},"b":{"0":[1,4],"1":[2,1],"2":[0,1],"3":[0,1],"4":[1,1],"5":[2,1]},"_coverageSchema":"1a1c01bbd47fc00a2c39e90264f33305004495a9","hash":"c56889ff7a91cfdb18306f87ef3614d2f5cdb6b4"}
}
